2017-04-18 00:14:10.2205
DEBUG
Log From Business Layer

S360BusinessLogic.StudentBusinessLogic.FirstStudent
RoutedEventHandlerInfo.InvokeHandler => MainWindow.Button_Click => StudentBusinessLogic.FirstStudent
2017-04-18 00:14:10.2545
WARN
BUSINESS LAYER It's gonna happen!!

S360BusinessLogic.StudentBusinessLogic.FirstStudent
RoutedEventHandlerInfo.InvokeHandler => MainWindow.Button_Click => StudentBusinessLogic.FirstStudent
2017-04-18 00:14:10.2825
ERROR
BUSINESS LAYER Error doing something...

S360BusinessLogic.StudentBusinessLogic.FirstStudent
RoutedEventHandlerInfo.InvokeHandler => MainWindow.Button_Click => StudentBusinessLogic.FirstStudent
2017-04-18 00:14:10.5925
DEBUG
We're going to throw an exception now.

S360.MainWindow.Button_Click
EventRoute.InvokeHandlersImpl => RoutedEventHandlerInfo.InvokeHandler => MainWindow.Button_Click
2017-04-18 00:14:10.5935
WARN
It's gonna happen!!

S360.MainWindow.Button_Click
EventRoute.InvokeHandlersImpl => RoutedEventHandlerInfo.InvokeHandler => MainWindow.Button_Click
2017-04-18 00:14:10.5935
ERROR
Error doing something...

S360.MainWindow.Button_Click
EventRoute.InvokeHandlersImpl => RoutedEventHandlerInfo.InvokeHandler => MainWindow.Button_Click
